LOG: 2023/11/22 16:58:29 middleware.go:20: POST /entry 0s
LOG: 2023/11/22 17:05:11 Received POST request on /entry
LOG: 2023/11/22 17:05:11 Handled POST request on /entry with status 201 in 1.5438ms
POST /entry 201 {
  "word": "TestMiddleware2",
  "definition": "Ceci est un test pour le middleware"
}
DELETE /entry/TestPostPostman2 404 /entry/TestPostPostman2
DELETE /entry/TestMiddleware 200 /entry/TestMiddleware
[22-11-2023 17:20:02] DELETE /entry/TestMiddleware2 200 /entry/TestMiddleware2
[22-11-2023 17:21:48] DELETE /entry/TestMiddleware 404 /entry/TestMiddleware
[22-11-2023 17:22:28] GET /entry/TestMiddleware 404 /entry/TestMiddleware
[22-11-2023 17:23:15] GET /entry/TestMiddleware 404 /entry/TestMiddleware
[22-11-2023 17:23:36] GET /entry/exo3 200 /entry/exo3
[22-11-2023 17:24:46] DELETE /entry/TestMiddleware1 200 /entry/TestMiddleware1
[22-11-2023 17:25:22] DELETE /entry/%22%22 404 /entry/%22%22
[22-11-2023 17:27:04] POST /entry 201 {
    "word": "Bonjour",
    "definition": "monde"
}
[22-11-2023 17:27:46] POST /entry 201 {
    "word": "Hello",
    "definition": "world"
}
[22-11-2023 17:37:49] POST /entry 201 {
    "word": "Hello1",
    "definition": "world"
}
[22-11-2023 17:38:17] DELETE /entry/Hello1 200
[11-01-2024 13:57:11] POST /login 401 
[11-01-2024 13:58:17] POST /login 401 
[11-01-2024 14:00:09] POST /login 401 
[11-01-2024 14:05:49] POST /login 200 
[12-01-2024 14:02:30] POST /login 200 
[12-01-2024 14:02:50] POST /login 200 
[12-01-2024 14:05:47] POST /entry 201 {
    "word": "TestAuth",
    "definition": "Je suis test auth"
}
[18-01-2024 10:21:02] POST /login 200 
[18-01-2024 10:21:47] POST /entry 401 {
    "word": "Hello1",
    "definition": "world"
}
[18-01-2024 10:22:01] POST /login 200 
[18-01-2024 10:22:40] POST /entry 401 {
    "word": "hellogoproject",
    "definition": "hellogoproject"
}
[18-01-2024 10:23:28] POST /entry 201 {
    "word": "hellogoproject",
    "definition": "hellogoproject"
}
[18-01-2024 10:33:32] GET /protected-route 200
[18-01-2024 10:41:15] POST /entry 400 {
    "word": "he",
    "definition": "he"
}
[18-01-2024 10:43:05] POST /entry 400 {
    "word": "hello141",
    "definition": "he"
}
[18-01-2024 10:46:37] POST /entry 400 {
    "word": "he",
    "definition": "he"
}
[18-01-2024 10:46:51] POST /entry 400 {
    "word": "heloooooo",
    "definition": "he"
}
[18-01-2024 10:48:01] POST /login 200 
[18-01-2024 10:48:55] GET /entry/exo3 401
[18-01-2024 10:49:02] GET /entry/exo3 404
[18-01-2024 10:49:42] DELETE /entry/Hello 401
[18-01-2024 10:49:48] DELETE /entry/Hello 200
[18-01-2024 10:50:35] GET /entry/exo3 404
[18-01-2024 10:51:55] GET /entry/TestPostPostman 200
[18-01-2024 10:52:53] GET /protected-route 200
[18-01-2024 10:53:06] POST /login 200 
[18-01-2024 10:58:58] GET /allEntries 200
[18-01-2024 10:59:50] GET /entry/TestAuth 200
[18-01-2024 11:00:01] POST /entry 400 {
    "word": "heloooooo",
    "definition": "he"
}
[18-01-2024 11:00:10] POST /entry 400 {
    "word": "he",
    "definition": "hemmmmmmmmmmmm"
}
[18-01-2024 11:00:17] POST /entry 400 {
    "word": "he",
    "definition": "he"
}
[25-01-2024 10:09:34] POST /login 200 
[25-01-2024 10:42:35] GET /protected-route 401
[25-01-2024 10:42:41] GET /protected-route 200
[25-01-2024 10:43:19] POST /entry 400 {
    "word": "TestEvaLBlanc",
    "definition": "Tes"
}
[25-01-2024 10:43:35] POST /entry 400 {
    "word": "T",
    "definition": "TestEvaLBlanc"
}
[25-01-2024 10:43:43] POST /entry 201 {
    "word": "TestEvaLBlanc",
    "definition": "TestEvaLBlanc"
}
